<?xml version="1.0" encoding="UTF-8"?>
<!-- Generated by org.testng.reporters.JUnitReportReporter -->
<testsuite skipped="0" hostname="USER" name="JenkinsDemo.demoJenkins.OpenBrowser" tests="1" failures="0" timestamp="2021-11-27T22:11:36 IST" time="0.014" errors="0">
  <testcase name="getTitle" time="0.014" classname="JenkinsDemo.demoJenkins.OpenBrowser"/>
  <system-out/>
</testsuite> <!-- JenkinsDemo.demoJenkins.OpenBrowser -->
