<?xml version="1.0" encoding="UTF-8"?>
<!-- Generated by org.testng.reporters.JUnitReportReporter -->
<testsuite skipped="0" hostname="Raktim" name="TestNG.TestConfiguration2" tests="2" failures="0" timestamp="02 Jan 2022 08:00:07 GMT" time="0.012" errors="0">
  <testcase name="m1" time="0.010" classname="TestNG.TestConfiguration2"/>
  <testcase name="m2" time="0.002" classname="TestNG.TestConfiguration2"/>
</testsuite> <!-- TestNG.TestConfiguration2 -->
