<?xml version="1.0" encoding="UTF-8"?>
<!-- Generated by org.testng.reporters.JUnitReportReporter -->
<testsuite skipped="0" hostname="Raktim" name="TestNG.TestConfiguration1" tests="2" failures="0" timestamp="02 Jan 2022 08:00:07 GMT" time="0.002" errors="0">
  <testcase name="m3" time="0.001" classname="TestNG.TestConfiguration1"/>
  <testcase name="m4" time="0.001" classname="TestNG.TestConfiguration1"/>
</testsuite> <!-- TestNG.TestConfiguration1 -->
