<?xml version="1.0" encoding="UTF-8"?>
<!-- Generated by org.testng.reporters.JUnitReportReporter -->
<testsuite hostname="Raktim" failures="0" tests="2" name="TestNG.TestConfiguration1" time="0.013" errors="0" timestamp="25 Jul 2022 06:40:50 GMT" skipped="0">
  <testcase classname="TestNG.TestConfiguration1" name="m3" time="0.012"/>
  <testcase classname="TestNG.TestConfiguration1" name="m4" time="0.001"/>
</testsuite> <!-- TestNG.TestConfiguration1 -->
