<?xml version="1.0" encoding="UTF-8"?>
<!-- Generated by org.testng.reporters.JUnitReportReporter -->
<testsuite hostname="Raktim" failures="0" tests="3" name="TestNG.TestConfiguration2" time="0.001" errors="0" timestamp="25 Jul 2022 06:40:50 GMT" skipped="0">
  <testcase classname="TestNG.TestConfiguration2" name="m6" time="0.000"/>
  <testcase classname="TestNG.TestConfiguration2" name="m1" time="0.001"/>
  <testcase classname="TestNG.TestConfiguration2" name="m2" time="0.000"/>
</testsuite> <!-- TestNG.TestConfiguration2 -->
