<?xml version="1.0" encoding="UTF-8"?>
<!-- Generated by org.testng.reporters.JUnitReportReporter -->
<testsuite hostname="Raktim" failures="0" tests="1" name="com.qa.graphql.GraphQlQueryTest" time="4.416" errors="0" timestamp="07 Jul 2022 09:15:42 GMT" skipped="0">
  <testcase classname="com.qa.graphql.GraphQlQueryTest" name="getAllFilmsTest" time="4.416"/>
</testsuite> <!-- com.qa.graphql.GraphQlQueryTest -->
